
> omakase-subscription-app@1.0.0 react-start /home/itsuki/sample_app
> react-scripts start

/home/itsuki/sample_app/node_modules/eslint-webpack-plugin/node_modules/jest-worker/build/index.js:110
  _ending;
         ^

SyntaxError: Unexpected token ;
    at Module._compile (internal/modules/cjs/loader.js:723:23)
    at Object.Module._extensions..js (internal/modules/cjs/loader.js:789:10)
    at Module.load (internal/modules/cjs/loader.js:653:32)
    at tryModuleLoad (internal/modules/cjs/loader.js:593:12)
    at Function.Module._load (internal/modules/cjs/loader.js:585:3)
    at Module.require (internal/modules/cjs/loader.js:692:17)
    at require (internal/modules/cjs/helpers.js:25:18)
    at Object.<anonymous> (/home/itsuki/sample_app/node_modules/eslint-webpack-plugin/dist/getESLint.js:9:5)
    at Module._compile (internal/modules/cjs/loader.js:778:30)
    at Object.Module._extensions..js (internal/modules/cjs/loader.js:789:10)
npm ERR! code ELIFECYCLE
npm ERR! errno 1
npm ERR! omakase-subscription-app@1.0.0 react-start: `react-scripts start`
npm ERR! Exit status 1
npm ERR! 
npm ERR! Failed at the omakase-subscription-app@1.0.0 react-start script.
npm ERR! This is probably not a problem with npm. There is likely additional logging output above.

npm ERR! A complete log of this run can be found in:
npm ERR!     /home/itsuki/.npm/_logs/2026-01-20T10_57_16_471Z-debug.log
